{"level":"silly","message":"{\"time\":1468523968914,\"tripId\":\"1_31508871\",\"location\":{\"lat\":47.51018524169922,\"lon\":-122.46392822265625}}","timestamp":"2016-07-14T19:19:28.967Z"}
{"level":"silly","message":"{\"time\":1468523969919,\"tripId\":\"1_31508871\",\"location\":{\"lat\":47.51018524169922,\"lon\":-122.46392822265625}}","timestamp":"2016-07-14T19:19:29.968Z"}
{"level":"silly","message":"{\"time\":1468523970925,\"tripId\":\"1_31508871\",\"location\":{\"lat\":47.51018524169922,\"lon\":-122.46392822265625}}","timestamp":"2016-07-14T19:19:30.975Z"}
{"level":"silly","message":"{\"time\":1468523971957,\"tripId\":\"1_31508871\",\"location\":{\"lat\":47.51018524169922,\"lon\":-122.46392822265625}}","timestamp":"2016-07-14T19:19:32.005Z"}
{"level":"silly","message":"{\"time\":1468523972948,\"tripId\":\"1_31508871\",\"location\":{\"lat\":47.51018524169922,\"lon\":-122.46392822265625}}","timestamp":"2016-07-14T19:19:32.998Z"}
{"level":"silly","message":"{\"time\":1468523973938,\"tripId\":\"1_31508871\",\"location\":{\"lat\":47.51018524169922,\"lon\":-122.46392822265625}}","timestamp":"2016-07-14T19:19:34.002Z"}
{"level":"data","message":"{\"time\":1468524715768,\"tripId\":\"1_31508871\",\"location\":{\"lat\":47.51018524169922,\"lon\":-122.46392822265625}}","timestamp":"2016-07-14T19:31:55.820Z"}
{"level":"data","message":"{\"time\":1468524716768,\"tripId\":\"1_31508871\",\"location\":{\"lat\":47.51018524169922,\"lon\":-122.46392822265625}}","timestamp":"2016-07-14T19:31:56.819Z"}
{"level":"data","message":"{\"time\":1468524717787,\"tripId\":\"1_31508871\",\"location\":{\"lat\":47.51018524169922,\"lon\":-122.46392822265625}}","timestamp":"2016-07-14T19:31:57.835Z"}
{"level":"data","message":"{\"time\":1468524718775,\"tripId\":\"1_31508871\",\"location\":{\"lat\":47.51018524169922,\"lon\":-122.46392822265625}}","timestamp":"2016-07-14T19:31:58.824Z"}
{"level":"data","message":"{\"time\":1468524719773,\"tripId\":\"1_31508871\",\"location\":{\"lat\":47.51018524169922,\"lon\":-122.46392822265625}}","timestamp":"2016-07-14T19:31:59.824Z"}
{"level":"data","message":"{\"time\":1468525164653,\"tripId\":\"1_31508871\",\"location\":{\"lat\":47.51018524169922,\"lon\":-122.46392822265625}}","timestamp":"2016-07-14T19:39:24.707Z"}
{"level":"data","message":"{\"time\":1468525165657,\"tripId\":\"1_31508871\",\"location\":{\"lat\":47.51018524169922,\"lon\":-122.46392822265625}}","timestamp":"2016-07-14T19:39:25.705Z"}
{"level":"data","message":"{\"time\":1468525166659,\"tripId\":\"1_31508871\",\"location\":{\"lat\":47.51018524169922,\"lon\":-122.46392822265625}}","timestamp":"2016-07-14T19:39:26.711Z"}
{"level":"data","message":"{\"time\":1468525167656,\"tripId\":\"1_31508871\",\"location\":{\"lat\":47.51018524169922,\"lon\":-122.46392822265625}}","timestamp":"2016-07-14T19:39:27.708Z"}
{"level":"data","message":"{\"time\":1468525168661,\"tripId\":\"1_31508871\",\"location\":{\"lat\":47.51018524169922,\"lon\":-122.46392822265625}}","timestamp":"2016-07-14T19:39:28.711Z"}
{"level":"data","message":"{\"time\":1468525169692,\"tripId\":\"1_31508871\",\"location\":{\"lat\":47.51018524169922,\"lon\":-122.46392822265625}}","timestamp":"2016-07-14T19:39:29.743Z"}
{"level":"data","message":"{\"time\":1468525170677,\"tripId\":\"1_31508871\",\"location\":{\"lat\":47.51018524169922,\"lon\":-122.46392822265625}}","timestamp":"2016-07-14T19:39:30.725Z"}
{"level":"data","message":"{\"time\":1468525171694,\"tripId\":\"1_31508871\",\"location\":{\"lat\":47.51018524169922,\"lon\":-122.46392822265625}}","timestamp":"2016-07-14T19:39:31.741Z"}
{"level":"data","message":"{\"time\":1468525299453,\"tripId\":\"1_31508871\",\"location\":{\"lat\":47.51018524169922,\"lon\":-122.46392822265625}}","timestamp":"2016-07-14T19:41:39.509Z"}
{"level":"data","message":"{\"time\":1468525300445,\"tripId\":\"1_31508871\",\"location\":{\"lat\":47.51018524169922,\"lon\":-122.46392822265625}}","timestamp":"2016-07-14T19:41:40.498Z"}
{"level":"data","message":"{\"time\":1468525301562,\"tripId\":\"1_31508871\",\"location\":{\"lat\":47.51018524169922,\"lon\":-122.46392822265625}}","timestamp":"2016-07-14T19:41:41.612Z"}
{"level":"data","message":"{\"time\":1468525302450,\"tripId\":\"1_31508871\",\"location\":{\"lat\":47.51018524169922,\"lon\":-122.46392822265625}}","timestamp":"2016-07-14T19:41:42.501Z"}
{"level":"data","message":"data {\"time\":1468525462097,\"tripId\":\"1_31508871\",\"location\":{\"lat\":47.51018524169922,\"lon\":-122.46392822265625}}","timestamp":"2016-07-14T19:44:22.153Z"}
{"level":"data","message":"data {\"time\":1468525463133,\"tripId\":\"1_31508871\",\"location\":{\"lat\":47.51018524169922,\"lon\":-122.46392822265625}}","timestamp":"2016-07-14T19:44:23.182Z"}
{"level":"data","message":"data {\"time\":1468525464133,\"tripId\":\"1_31508871\",\"location\":{\"lat\":47.51018524169922,\"lon\":-122.46392822265625}}","timestamp":"2016-07-14T19:44:24.182Z"}
{"level":"data","message":"data {\"time\":1468525465114,\"tripId\":\"1_31508871\",\"location\":{\"lat\":47.51018524169922,\"lon\":-122.46392822265625}}","timestamp":"2016-07-14T19:44:25.181Z"}
{"level":"data","message":"{\"time\":1468525475730,\"tripId\":\"1_31508871\",\"location\":{\"lat\":47.51018524169922,\"lon\":-122.46392822265625}}","timestamp":"2016-07-14T19:44:35.782Z"}
{"level":"data","message":"{\"time\":1468525476721,\"tripId\":\"1_31508871\",\"location\":{\"lat\":47.51018524169922,\"lon\":-122.46392822265625}}","timestamp":"2016-07-14T19:44:36.770Z"}
{"level":"data","message":"{\"time\":1468525477718,\"tripId\":\"1_31508871\",\"location\":{\"lat\":47.51018524169922,\"lon\":-122.46392822265625}}","timestamp":"2016-07-14T19:44:37.771Z"}
{"level":"data","message":"{\"time\":1468525478730,\"tripId\":\"1_31508871\",\"location\":{\"lat\":47.51018524169922,\"lon\":-122.46392822265625}}","timestamp":"2016-07-14T19:44:38.778Z"}
{"level":"data","message":"{\"time\":1468525479730,\"tripId\":\"1_31508871\",\"location\":{\"lat\":47.51018524169922,\"lon\":-122.46392822265625}}","timestamp":"2016-07-14T19:44:39.775Z"}
{"level":"data","message":"{\"time\":1468525480737,\"tripId\":\"1_31508871\",\"location\":{\"lat\":47.51018524169922,\"lon\":-122.46392822265625}}","timestamp":"2016-07-14T19:44:40.783Z"}
{"level":"data","message":"{\"time\":1468540430221,\"routeId\":\"1_100017\",\"activeTripId\":\"1_31508879\",\"status\":\"SCHEDULED\",\"lastKnownLocation\":{\"lat\":47.40660095214844,\"lon\":-122.4623794555664},\"position\":{\"lat\":47.40651537236658,\"lon\":-122.46250974197625}}","timestamp":"2016-07-14T23:53:50.332Z"}
{"level":"data","message":"{\"time\":1468540430226,\"routeId\":\"1_100017\",\"activeTripId\":\"1_31508861\",\"status\":\"SCHEDULED\",\"lastKnownLocation\":{\"lat\":47.50949478149414,\"lon\":-122.46409606933594},\"position\":{\"lat\":47.501361948088885,\"lon\":-122.46548257325304}}","timestamp":"2016-07-14T23:53:50.334Z"}
{"level":"data","message":"{\"time\":1468540430231,\"routeId\":\"1_100016\",\"activeTripId\":\"1_31508879\",\"status\":\"SCHEDULED\",\"lastKnownLocation\":{\"lat\":47.40660095214844,\"lon\":-122.4623794555664},\"position\":{\"lat\":47.40651537236658,\"lon\":-122.46250974197625}}","timestamp":"2016-07-14T23:53:50.343Z"}
{"level":"data","message":"{\"time\":1468540430237,\"routeId\":\"1_100017\",\"activeTripId\":\"1_30899750\",\"status\":\"SCHEDULED\",\"lastKnownLocation\":{\"lat\":47.6146125793457,\"lon\":-122.34262084960938},\"position\":{\"lat\":47.61173049054384,\"lon\":-122.34174908735524}}","timestamp":"2016-07-14T23:53:50.356Z"}
{"level":"data","message":"{\"time\":1468540430243,\"routeId\":\"1_100016\",\"activeTripId\":\"1_31509121\",\"status\":\"default\",\"lastKnownLocation\":null,\"position\":{\"lat\":47.50657415122805,\"lon\":-122.46589691058423}}","timestamp":"2016-07-14T23:53:50.359Z"}
{"level":"data","message":"{\"time\":1468540430216,\"routeId\":\"1_100017\",\"activeTripId\":\"1_31508901\",\"status\":\"SCHEDULED\",\"lastKnownLocation\":{\"lat\":47.590309143066406,\"lon\":-122.32915496826172},\"position\":{\"lat\":47.590310663340766,\"lon\":-122.329163}}","timestamp":"2016-07-14T23:53:50.401Z"}
{"level":"data","message":"{\"time\":1468540430228,\"routeId\":\"1_100017\",\"activeTripId\":\"1_31508917\",\"status\":\"SCHEDULED\",\"lastKnownLocation\":{\"lat\":47.56806564331055,\"lon\":-122.37335205078125},\"position\":{\"lat\":47.567309866263464,\"lon\":-122.3735587476786}}","timestamp":"2016-07-14T23:53:50.414Z"}
{"level":"data","message":"{\"time\":1468540430239,\"routeId\":\"1_100017\",\"activeTripId\":\"1_30899737\",\"status\":\"SCHEDULED\",\"lastKnownLocation\":{\"lat\":47.4292106628418,\"lon\":-122.32492065429688},\"position\":{\"lat\":47.42923498065099,\"lon\":-122.32492205435634}}","timestamp":"2016-07-14T23:53:50.461Z"}
{"level":"data","message":"{\"time\":1468540430249,\"routeId\":\"1_100017\",\"activeTripId\":\"1_31509121\",\"status\":\"default\",\"lastKnownLocation\":null,\"position\":{\"lat\":47.50657415122805,\"lon\":-122.46589691058423}}","timestamp":"2016-07-14T23:53:50.525Z"}
{"level":"data","message":"{\"time\":1468540430247,\"routeId\":\"1_100016\",\"activeTripId\":\"1_31509131\",\"status\":\"SCHEDULED\",\"lastKnownLocation\":{\"lat\":47.60205841064453,\"lon\":-122.33075714111328},\"position\":{\"lat\":47.60204145484648,\"lon\":-122.33074248908667}}","timestamp":"2016-07-14T23:53:50.703Z"}
{"level":"data","message":"{\"time\":1468540431137,\"routeId\":\"1_100017\",\"activeTripId\":\"1_31508879\",\"status\":\"SCHEDULED\",\"lastKnownLocation\":{\"lat\":47.40660095214844,\"lon\":-122.4623794555664},\"position\":{\"lat\":47.40651537236658,\"lon\":-122.46250974197625}}","timestamp":"2016-07-14T23:53:51.240Z"}
{"level":"data","message":"{\"time\":1468540431144,\"routeId\":\"1_100017\",\"activeTripId\":\"1_30899750\",\"status\":\"SCHEDULED\",\"lastKnownLocation\":{\"lat\":47.6146125793457,\"lon\":-122.34262084960938},\"position\":{\"lat\":47.61173049054384,\"lon\":-122.34174908735524}}","timestamp":"2016-07-14T23:53:51.244Z"}
{"level":"data","message":"{\"time\":1468540431150,\"routeId\":\"1_100016\",\"activeTripId\":\"1_31509121\",\"status\":\"default\",\"lastKnownLocation\":null,\"position\":{\"lat\":47.50658074527525,\"lon\":-122.46589639842522}}","timestamp":"2016-07-14T23:53:51.269Z"}
{"level":"data","message":"{\"time\":1468540431159,\"routeId\":\"1_100016\",\"activeTripId\":\"1_31508879\",\"status\":\"SCHEDULED\",\"lastKnownLocation\":{\"lat\":47.40660095214844,\"lon\":-122.4623794555664},\"position\":{\"lat\":47.40651537236658,\"lon\":-122.46250974197625}}","timestamp":"2016-07-14T23:53:51.284Z"}
{"level":"data","message":"{\"time\":1468540431131,\"routeId\":\"1_100017\",\"activeTripId\":\"1_31508917\",\"status\":\"SCHEDULED\",\"lastKnownLocation\":{\"lat\":47.56806564331055,\"lon\":-122.37335205078125},\"position\":{\"lat\":47.567309866263464,\"lon\":-122.3735587476786}}","timestamp":"2016-07-14T23:53:51.313Z"}
{"level":"data","message":"{\"time\":1468540431126,\"routeId\":\"1_100017\",\"activeTripId\":\"1_31509121\",\"status\":\"default\",\"lastKnownLocation\":null,\"position\":{\"lat\":47.50658074527525,\"lon\":-122.46589639842522}}","timestamp":"2016-07-14T23:53:51.314Z"}
{"level":"data","message":"{\"time\":1468540431148,\"routeId\":\"1_100017\",\"activeTripId\":\"1_31508901\",\"status\":\"SCHEDULED\",\"lastKnownLocation\":{\"lat\":47.590309143066406,\"lon\":-122.32915496826172},\"position\":{\"lat\":47.590310663340766,\"lon\":-122.329163}}","timestamp":"2016-07-14T23:53:51.331Z"}
{"level":"data","message":"{\"time\":1468540431155,\"routeId\":\"1_100016\",\"activeTripId\":\"1_31509131\",\"status\":\"SCHEDULED\",\"lastKnownLocation\":{\"lat\":47.60205841064453,\"lon\":-122.33075714111328},\"position\":{\"lat\":47.60204145484648,\"lon\":-122.33074248908667}}","timestamp":"2016-07-14T23:53:51.378Z"}
{"level":"data","message":"{\"time\":1468540431152,\"routeId\":\"1_100017\",\"activeTripId\":\"1_30899737\",\"status\":\"SCHEDULED\",\"lastKnownLocation\":{\"lat\":47.4292106628418,\"lon\":-122.32492065429688},\"position\":{\"lat\":47.42923498065099,\"lon\":-122.32492205435634}}","timestamp":"2016-07-14T23:53:51.382Z"}
{"level":"data","message":"{\"time\":1468540431135,\"routeId\":\"1_100017\",\"activeTripId\":\"1_31508861\",\"status\":\"SCHEDULED\",\"lastKnownLocation\":{\"lat\":47.50949478149414,\"lon\":-122.46409606933594},\"position\":{\"lat\":47.501361948088885,\"lon\":-122.46548257325304}}","timestamp":"2016-07-14T23:53:51.446Z"}
{"level":"data","message":"{\"time\":1468540432135,\"routeId\":\"1_100017\",\"activeTripId\":\"1_31509121\",\"status\":\"default\",\"lastKnownLocation\":null,\"position\":{\"lat\":47.506587339322444,\"lon\":-122.46589588626621}}","timestamp":"2016-07-14T23:53:52.232Z"}
{"level":"data","message":"{\"time\":1468540432148,\"routeId\":\"1_100017\",\"activeTripId\":\"1_30899750\",\"status\":\"SCHEDULED\",\"lastKnownLocation\":{\"lat\":47.6146125793457,\"lon\":-122.34262084960938},\"position\":{\"lat\":47.61173049054384,\"lon\":-122.34174908735524}}","timestamp":"2016-07-14T23:53:52.246Z"}
{"level":"data","message":"{\"time\":1468540432161,\"routeId\":\"1_100016\",\"activeTripId\":\"1_31508879\",\"status\":\"SCHEDULED\",\"lastKnownLocation\":{\"lat\":47.40660095214844,\"lon\":-122.4623794555664},\"position\":{\"lat\":47.40651537236658,\"lon\":-122.46250974197625}}","timestamp":"2016-07-14T23:53:52.263Z"}
{"level":"data","message":"{\"time\":1468540432162,\"routeId\":\"1_100017\",\"activeTripId\":\"1_31508879\",\"status\":\"SCHEDULED\",\"lastKnownLocation\":{\"lat\":47.40660095214844,\"lon\":-122.4623794555664},\"position\":{\"lat\":47.40651537236658,\"lon\":-122.46250974197625}}","timestamp":"2016-07-14T23:53:52.266Z"}
{"level":"data","message":"{\"time\":1468540432169,\"routeId\":\"1_100017\",\"activeTripId\":\"1_31508861\",\"status\":\"SCHEDULED\",\"lastKnownLocation\":{\"lat\":47.50949478149414,\"lon\":-122.46409606933594},\"position\":{\"lat\":47.501361948088885,\"lon\":-122.46548257325304}}","timestamp":"2016-07-14T23:53:52.284Z"}
{"level":"data","message":"{\"time\":1468540432176,\"routeId\":\"1_100016\",\"activeTripId\":\"1_31509121\",\"status\":\"default\",\"lastKnownLocation\":null,\"position\":{\"lat\":47.506587339322444,\"lon\":-122.46589588626621}}","timestamp":"2016-07-14T23:53:52.302Z"}
{"level":"data","message":"{\"time\":1468540432155,\"routeId\":\"1_100017\",\"activeTripId\":\"1_31508917\",\"status\":\"SCHEDULED\",\"lastKnownLocation\":{\"lat\":47.56806564331055,\"lon\":-122.37335205078125},\"position\":{\"lat\":47.567309866263464,\"lon\":-122.3735587476786}}","timestamp":"2016-07-14T23:53:52.332Z"}
{"level":"data","message":"{\"time\":1468540432168,\"routeId\":\"1_100017\",\"activeTripId\":\"1_31508901\",\"status\":\"SCHEDULED\",\"lastKnownLocation\":{\"lat\":47.590309143066406,\"lon\":-122.32915496826172},\"position\":{\"lat\":47.590310663340766,\"lon\":-122.329163}}","timestamp":"2016-07-14T23:53:52.379Z"}
{"level":"data","message":"{\"time\":1468540432179,\"routeId\":\"1_100016\",\"activeTripId\":\"1_31509131\",\"status\":\"SCHEDULED\",\"lastKnownLocation\":{\"lat\":47.60205841064453,\"lon\":-122.33075714111328},\"position\":{\"lat\":47.60204145484648,\"lon\":-122.33074248908667}}","timestamp":"2016-07-14T23:53:52.397Z"}
{"level":"data","message":"{\"time\":1468540432158,\"routeId\":\"1_100017\",\"activeTripId\":\"1_30899737\",\"status\":\"SCHEDULED\",\"lastKnownLocation\":{\"lat\":47.4292106628418,\"lon\":-122.32492065429688},\"position\":{\"lat\":47.42923498065099,\"lon\":-122.32492205435634}}","timestamp":"2016-07-14T23:53:52.399Z"}
{"level":"data","message":"{\"time\":1468540433116,\"routeId\":\"1_100016\",\"activeTripId\":\"1_31509121\",\"status\":\"default\",\"lastKnownLocation\":null,\"position\":{\"lat\":47.50659393336964,\"lon\":-122.4658953741072}}","timestamp":"2016-07-14T23:53:53.206Z"}
{"level":"data","message":"{\"time\":1468540433121,\"routeId\":\"1_100016\",\"activeTripId\":\"1_31508879\",\"status\":\"SCHEDULED\",\"lastKnownLocation\":{\"lat\":47.40660095214844,\"lon\":-122.4623794555664},\"position\":{\"lat\":47.40651537236658,\"lon\":-122.46250974197625}}","timestamp":"2016-07-14T23:53:53.222Z"}
{"level":"data","message":"{\"time\":1468540433138,\"routeId\":\"1_100017\",\"activeTripId\":\"1_31508861\",\"status\":\"SCHEDULED\",\"lastKnownLocation\":{\"lat\":47.50949478149414,\"lon\":-122.46409606933594},\"position\":{\"lat\":47.501361948088885,\"lon\":-122.46548257325304}}","timestamp":"2016-07-14T23:53:53.239Z"}
{"level":"data","message":"{\"time\":1468540433148,\"routeId\":\"1_100017\",\"activeTripId\":\"1_31508879\",\"status\":\"SCHEDULED\",\"lastKnownLocation\":{\"lat\":47.40660095214844,\"lon\":-122.4623794555664},\"position\":{\"lat\":47.40651537236658,\"lon\":-122.46250974197625}}","timestamp":"2016-07-14T23:53:53.274Z"}
{"level":"data","message":"{\"time\":1468540433152,\"routeId\":\"1_100017\",\"activeTripId\":\"1_30899750\",\"status\":\"SCHEDULED\",\"lastKnownLocation\":{\"lat\":47.6146125793457,\"lon\":-122.34262084960938},\"position\":{\"lat\":47.61173049054384,\"lon\":-122.34174908735524}}","timestamp":"2016-07-14T23:53:53.278Z"}
{"level":"data","message":"{\"time\":1468540433160,\"routeId\":\"1_100017\",\"activeTripId\":\"1_31509121\",\"status\":\"default\",\"lastKnownLocation\":null,\"position\":{\"lat\":47.50659393336964,\"lon\":-122.4658953741072}}","timestamp":"2016-07-14T23:53:53.282Z"}
{"level":"data","message":"{\"time\":1468540433135,\"routeId\":\"1_100016\",\"activeTripId\":\"1_31509131\",\"status\":\"SCHEDULED\",\"lastKnownLocation\":{\"lat\":47.60205841064453,\"lon\":-122.33075714111328},\"position\":{\"lat\":47.60204145484648,\"lon\":-122.33074248908667}}","timestamp":"2016-07-14T23:53:53.314Z"}
{"level":"data","message":"{\"time\":1468540433139,\"routeId\":\"1_100017\",\"activeTripId\":\"1_31508901\",\"status\":\"SCHEDULED\",\"lastKnownLocation\":{\"lat\":47.590309143066406,\"lon\":-122.32915496826172},\"position\":{\"lat\":47.590310663340766,\"lon\":-122.329163}}","timestamp":"2016-07-14T23:53:53.332Z"}
{"level":"data","message":"{\"time\":1468540433142,\"routeId\":\"1_100017\",\"activeTripId\":\"1_31508917\",\"status\":\"SCHEDULED\",\"lastKnownLocation\":{\"lat\":47.56806564331055,\"lon\":-122.37335205078125},\"position\":{\"lat\":47.567309866263464,\"lon\":-122.3735587476786}}","timestamp":"2016-07-14T23:53:53.345Z"}
{"level":"data","message":"{\"time\":1468540433155,\"routeId\":\"1_100017\",\"activeTripId\":\"1_30899737\",\"status\":\"SCHEDULED\",\"lastKnownLocation\":{\"lat\":47.4292106628418,\"lon\":-122.32492065429688},\"position\":{\"lat\":47.42923498065099,\"lon\":-122.32492205435634}}","timestamp":"2016-07-14T23:53:53.432Z"}
{"level":"data","message":"{\"time\":1468540434166,\"routeId\":\"1_100016\",\"activeTripId\":\"1_31508879\",\"status\":\"SCHEDULED\",\"lastKnownLocation\":{\"lat\":47.40660095214844,\"lon\":-122.4623794555664},\"position\":{\"lat\":47.40651537236658,\"lon\":-122.46250974197625}}","timestamp":"2016-07-14T23:53:54.193Z"}
{"level":"data","message":"{\"time\":1468540434156,\"routeId\":\"1_100016\",\"activeTripId\":\"1_31509121\",\"status\":\"default\",\"lastKnownLocation\":null,\"position\":{\"lat\":47.50660052741684,\"lon\":-122.4658948619482}}","timestamp":"2016-07-14T23:53:54.265Z"}
{"level":"data","message":"{\"time\":1468540434177,\"routeId\":\"1_100017\",\"activeTripId\":\"1_31509121\",\"status\":\"default\",\"lastKnownLocation\":null,\"position\":{\"lat\":47.50660052741684,\"lon\":-122.4658948619482}}","timestamp":"2016-07-14T23:53:54.289Z"}
{"level":"data","message":"{\"time\":1468540434181,\"routeId\":\"1_100017\",\"activeTripId\":\"1_31508901\",\"status\":\"SCHEDULED\",\"lastKnownLocation\":{\"lat\":47.590309143066406,\"lon\":-122.32915496826172},\"position\":{\"lat\":47.590310663340766,\"lon\":-122.329163}}","timestamp":"2016-07-14T23:53:54.304Z"}
{"level":"data","message":"{\"time\":1468540434191,\"routeId\":\"1_100017\",\"activeTripId\":\"1_31508861\",\"status\":\"SCHEDULED\",\"lastKnownLocation\":{\"lat\":47.50949478149414,\"lon\":-122.46409606933594},\"position\":{\"lat\":47.501361948088885,\"lon\":-122.46548257325304}}","timestamp":"2016-07-14T23:53:54.308Z"}
{"level":"data","message":"{\"time\":1468540434187,\"routeId\":\"1_100017\",\"activeTripId\":\"1_30899737\",\"status\":\"SCHEDULED\",\"lastKnownLocation\":{\"lat\":47.4292106628418,\"lon\":-122.32492065429688},\"position\":{\"lat\":47.42923498065099,\"lon\":-122.32492205435634}}","timestamp":"2016-07-14T23:53:54.364Z"}
{"level":"data","message":"{\"time\":1468540434203,\"routeId\":\"1_100017\",\"activeTripId\":\"1_30899750\",\"status\":\"SCHEDULED\",\"lastKnownLocation\":{\"lat\":47.6146125793457,\"lon\":-122.34262084960938},\"position\":{\"lat\":47.61173049054384,\"lon\":-122.34174908735524}}","timestamp":"2016-07-14T23:53:54.426Z"}
{"level":"data","message":"{\"time\":1468540434200,\"routeId\":\"1_100017\",\"activeTripId\":\"1_31508879\",\"status\":\"SCHEDULED\",\"lastKnownLocation\":{\"lat\":47.40660095214844,\"lon\":-122.4623794555664},\"position\":{\"lat\":47.40651537236658,\"lon\":-122.46250974197625}}","timestamp":"2016-07-14T23:53:54.433Z"}
{"level":"data","message":"{\"time\":1468540434170,\"routeId\":\"1_100016\",\"activeTripId\":\"1_31509131\",\"status\":\"SCHEDULED\",\"lastKnownLocation\":{\"lat\":47.60205841064453,\"lon\":-122.33075714111328},\"position\":{\"lat\":47.60204145484648,\"lon\":-122.33074248908667}}","timestamp":"2016-07-14T23:53:54.551Z"}
{"level":"data","message":"{\"time\":1468540434191,\"routeId\":\"1_100017\",\"activeTripId\":\"1_31508917\",\"status\":\"SCHEDULED\",\"lastKnownLocation\":{\"lat\":47.56806564331055,\"lon\":-122.37335205078125},\"position\":{\"lat\":47.567309866263464,\"lon\":-122.3735587476786}}","timestamp":"2016-07-14T23:53:54.758Z"}
{"level":"data","message":"{\"time\":1468540435153,\"routeId\":\"1_100016\",\"activeTripId\":\"1_31508879\",\"status\":\"SCHEDULED\",\"lastKnownLocation\":{\"lat\":47.40660095214844,\"lon\":-122.4623794555664},\"position\":{\"lat\":47.40651537236658,\"lon\":-122.46250974197625}}","timestamp":"2016-07-14T23:53:55.184Z"}
{"level":"data","message":"{\"time\":1468540435159,\"routeId\":\"1_100016\",\"activeTripId\":\"1_31509121\",\"status\":\"default\",\"lastKnownLocation\":null,\"position\":{\"lat\":47.50660712146404,\"lon\":-122.4658943497892}}","timestamp":"2016-07-14T23:53:55.194Z"}
{"level":"data","message":"{\"time\":1468540435162,\"routeId\":\"1_100017\",\"activeTripId\":\"1_31509121\",\"status\":\"default\",\"lastKnownLocation\":null,\"position\":{\"lat\":47.50660712146404,\"lon\":-122.4658943497892}}","timestamp":"2016-07-14T23:53:55.205Z"}
{"level":"data","message":"{\"time\":1468540435171,\"routeId\":\"1_100016\",\"activeTripId\":\"1_31509131\",\"status\":\"SCHEDULED\",\"lastKnownLocation\":{\"lat\":47.60205841064453,\"lon\":-122.33075714111328},\"position\":{\"lat\":47.60204145484648,\"lon\":-122.33074248908667}}","timestamp":"2016-07-14T23:53:55.345Z"}
{"level":"data","message":"{\"time\":1468540435183,\"routeId\":\"1_100017\",\"activeTripId\":\"1_30899737\",\"status\":\"SCHEDULED\",\"lastKnownLocation\":{\"lat\":47.4292106628418,\"lon\":-122.32492065429688},\"position\":{\"lat\":47.42923498065099,\"lon\":-122.32492205435634}}","timestamp":"2016-07-14T23:53:55.385Z"}
{"level":"data","message":"{\"time\":1468540435168,\"routeId\":\"1_100017\",\"activeTripId\":\"1_31508917\",\"status\":\"SCHEDULED\",\"lastKnownLocation\":{\"lat\":47.56806564331055,\"lon\":-122.37335205078125},\"position\":{\"lat\":47.567309866263464,\"lon\":-122.3735587476786}}","timestamp":"2016-07-14T23:53:55.449Z"}
{"level":"data","message":"{\"time\":1468540435173,\"routeId\":\"1_100017\",\"activeTripId\":\"1_31508901\",\"status\":\"SCHEDULED\",\"lastKnownLocation\":{\"lat\":47.590309143066406,\"lon\":-122.32915496826172},\"position\":{\"lat\":47.590310663340766,\"lon\":-122.329163}}","timestamp":"2016-07-14T23:53:55.557Z"}
{"level":"data","message":"{\"time\":1468540436130,\"routeId\":\"1_100016\",\"activeTripId\":\"1_31509121\",\"status\":\"default\",\"lastKnownLocation\":null,\"position\":{\"lat\":47.506613715511236,\"lon\":-122.46589383763019}}","timestamp":"2016-07-14T23:53:56.160Z"}
{"level":"data","message":"{\"time\":1468540436144,\"routeId\":\"1_100016\",\"activeTripId\":\"1_31508879\",\"status\":\"SCHEDULED\",\"lastKnownLocation\":{\"lat\":47.40660095214844,\"lon\":-122.4623794555664},\"position\":{\"lat\":47.40651537236658,\"lon\":-122.46250974197625}}","timestamp":"2016-07-14T23:53:56.193Z"}
{"level":"data","message":"{\"time\":1468540436162,\"routeId\":\"1_100017\",\"activeTripId\":\"1_31508861\",\"status\":\"SCHEDULED\",\"lastKnownLocation\":{\"lat\":47.50949478149414,\"lon\":-122.46409606933594},\"position\":{\"lat\":47.501361948088885,\"lon\":-122.46548257325304}}","timestamp":"2016-07-14T23:53:56.223Z"}
{"level":"data","message":"{\"time\":1468541107979,\"routeId\":\"1_100016\",\"activeTripId\":\"1_31509122\",\"status\":\"default\",\"lastKnownLocation\":null,\"position\":{\"lat\":47.50977003014222,\"lon\":-122.46400209566002},\"vehicleId\":\"\"}","timestamp":"2016-07-15T00:05:08.071Z"}
{"level":"data","message":"{\"time\":1468541107980,\"routeId\":\"1_100016\",\"activeTripId\":\"1_31508879\",\"status\":\"SCHEDULED\",\"lastKnownLocation\":{\"lat\":47.46397399902344,\"lon\":-122.4603271484375},\"position\":{\"lat\":47.46428948406258,\"lon\":-122.46031795182994},\"vehicleId\":\"1_3731\"}","timestamp":"2016-07-15T00:05:08.092Z"}
{"level":"data","message":"{\"time\":1468541107984,\"routeId\":\"1_100017\",\"activeTripId\":\"1_31508862\",\"status\":\"SCHEDULED\",\"lastKnownLocation\":{\"lat\":47.476444244384766,\"lon\":-122.46180725097656},\"position\":{\"lat\":47.47646337671566,\"lon\":-122.46183919204685},\"vehicleId\":\"1_3735\"}","timestamp":"2016-07-15T00:05:08.096Z"}
{"level":"data","message":"{\"time\":1468541107995,\"routeId\":\"1_100017\",\"activeTripId\":\"1_31508879\",\"status\":\"SCHEDULED\",\"lastKnownLocation\":{\"lat\":47.46397399902344,\"lon\":-122.4603271484375},\"position\":{\"lat\":47.46428948406258,\"lon\":-122.46031795182994},\"vehicleId\":\"1_3731\"}","timestamp":"2016-07-15T00:05:08.127Z"}
{"level":"data","message":"{\"time\":1468541108002,\"routeId\":\"1_100017\",\"activeTripId\":\"1_31509122\",\"status\":\"default\",\"lastKnownLocation\":null,\"position\":{\"lat\":47.50977003014222,\"lon\":-122.46400209566002},\"vehicleId\":\"\"}","timestamp":"2016-07-15T00:05:08.130Z"}
{"level":"data","message":"{\"time\":1468541107979,\"routeId\":\"1_100016\",\"activeTripId\":\"1_31509131\",\"status\":\"SCHEDULED\",\"lastKnownLocation\":{\"lat\":47.575286865234375,\"lon\":-122.3342056274414},\"position\":{\"lat\":47.57478494891615,\"lon\":-122.334198},\"vehicleId\":\"1_3752\"}","timestamp":"2016-07-15T00:05:08.152Z"}
{"level":"data","message":"{\"time\":1468541107992,\"routeId\":\"1_100017\",\"activeTripId\":\"1_31508917\",\"status\":\"SCHEDULED\",\"lastKnownLocation\":{\"lat\":47.541412353515625,\"lon\":-122.39004516601562},\"position\":{\"lat\":47.54158398517846,\"lon\":-122.39004341935046},\"vehicleId\":\"1_7172\"}","timestamp":"2016-07-15T00:05:08.166Z"}
{"level":"data","message":"{\"time\":1468541107990,\"routeId\":\"1_100017\",\"activeTripId\":\"1_31508901\",\"status\":\"SCHEDULED\",\"lastKnownLocation\":{\"lat\":47.568397521972656,\"lon\":-122.37326049804688},\"position\":{\"lat\":47.56839455616302,\"lon\":-122.37326577556907},\"vehicleId\":\"1_3758\"}","timestamp":"2016-07-15T00:05:08.184Z"}
{"level":"data","message":"{\"time\":1468541108004,\"routeId\":\"1_100017\",\"activeTripId\":\"1_30899750\",\"status\":\"SCHEDULED\",\"lastKnownLocation\":{\"lat\":47.6146125793457,\"lon\":-122.34262084960938},\"position\":{\"lat\":47.61173049054384,\"lon\":-122.34174908735524},\"vehicleId\":\"1_2461\"}","timestamp":"2016-07-15T00:05:08.185Z"}
{"level":"data","message":"{\"time\":1468541108987,\"routeId\":\"1_100017\",\"activeTripId\":\"1_31508879\",\"status\":\"SCHEDULED\",\"lastKnownLocation\":{\"lat\":47.46397399902344,\"lon\":-122.4603271484375},\"position\":{\"lat\":47.46428948406258,\"lon\":-122.46031795182994},\"vehicleId\":\"1_3731\"}","timestamp":"2016-07-15T00:05:09.081Z"}
{"level":"data","message":"{\"time\":1468541108987,\"routeId\":\"1_100017\",\"activeTripId\":\"1_31508862\",\"status\":\"SCHEDULED\",\"lastKnownLocation\":{\"lat\":47.476444244384766,\"lon\":-122.46180725097656},\"position\":{\"lat\":47.47646337671566,\"lon\":-122.46183919204685},\"vehicleId\":\"1_3735\"}","timestamp":"2016-07-15T00:05:09.083Z"}
{"level":"data","message":"{\"time\":1468541108993,\"routeId\":\"1_100017\",\"activeTripId\":\"1_30899750\",\"status\":\"SCHEDULED\",\"lastKnownLocation\":{\"lat\":47.6146125793457,\"lon\":-122.34262084960938},\"position\":{\"lat\":47.61173049054384,\"lon\":-122.34174908735524},\"vehicleId\":\"1_2461\"}","timestamp":"2016-07-15T00:05:09.089Z"}
{"level":"data","message":"{\"time\":1468541109001,\"routeId\":\"1_100017\",\"activeTripId\":\"1_31509122\",\"status\":\"default\",\"lastKnownLocation\":null,\"position\":{\"lat\":47.50970257518153,\"lon\":-122.46402541143904},\"vehicleId\":\"\"}","timestamp":"2016-07-15T00:05:09.091Z"}
{"level":"data","message":"{\"time\":1468541109003,\"routeId\":\"1_100016\",\"activeTripId\":\"1_31509122\",\"status\":\"default\",\"lastKnownLocation\":null,\"position\":{\"lat\":47.50970257518153,\"lon\":-122.46402541143904},\"vehicleId\":\"\"}","timestamp":"2016-07-15T00:05:09.093Z"}
{"level":"data","message":"{\"time\":1468541109005,\"routeId\":\"1_100016\",\"activeTripId\":\"1_31508879\",\"status\":\"SCHEDULED\",\"lastKnownLocation\":{\"lat\":47.46397399902344,\"lon\":-122.4603271484375},\"position\":{\"lat\":47.46428948406258,\"lon\":-122.46031795182994},\"vehicleId\":\"1_3731\"}","timestamp":"2016-07-15T00:05:09.096Z"}
{"level":"data","message":"{\"time\":1468541108973,\"routeId\":\"1_100017\",\"activeTripId\":\"1_31508901\",\"status\":\"SCHEDULED\",\"lastKnownLocation\":{\"lat\":47.568397521972656,\"lon\":-122.37326049804688},\"position\":{\"lat\":47.56839455616302,\"lon\":-122.37326577556907},\"vehicleId\":\"1_3758\"}","timestamp":"2016-07-15T00:05:09.143Z"}
{"level":"data","message":"{\"time\":1468541109009,\"routeId\":\"1_100017\",\"activeTripId\":\"1_31508917\",\"status\":\"SCHEDULED\",\"lastKnownLocation\":{\"lat\":47.541412353515625,\"lon\":-122.39004516601562},\"position\":{\"lat\":47.54158398517846,\"lon\":-122.39004341935046},\"vehicleId\":\"1_7172\"}","timestamp":"2016-07-15T00:05:09.156Z"}
{"level":"data","message":"{\"time\":1468541109011,\"routeId\":\"1_100016\",\"activeTripId\":\"1_31509131\",\"status\":\"SCHEDULED\",\"lastKnownLocation\":{\"lat\":47.575286865234375,\"lon\":-122.3342056274414},\"position\":{\"lat\":47.57478494891615,\"lon\":-122.334198},\"vehicleId\":\"1_3752\"}","timestamp":"2016-07-15T00:05:09.174Z"}
{"level":"data","message":"{\"time\":1468541109971,\"routeId\":\"1_100016\",\"activeTripId\":\"1_31508879\",\"status\":\"SCHEDULED\",\"lastKnownLocation\":{\"lat\":47.46397399902344,\"lon\":-122.4603271484375},\"position\":{\"lat\":47.46428948406258,\"lon\":-122.46031795182994},\"vehicleId\":\"1_3731\"}","timestamp":"2016-07-15T00:05:10.065Z"}
{"level":"data","message":"{\"time\":1468541109989,\"routeId\":\"1_100016\",\"activeTripId\":\"1_31509122\",\"status\":\"default\",\"lastKnownLocation\":null,\"position\":{\"lat\":47.50963512022083,\"lon\":-122.46404872721807},\"vehicleId\":\"\"}","timestamp":"2016-07-15T00:05:10.074Z"}
{"level":"data","message":"{\"time\":1468541110003,\"routeId\":\"1_100017\",\"activeTripId\":\"1_31508862\",\"status\":\"SCHEDULED\",\"lastKnownLocation\":{\"lat\":47.476444244384766,\"lon\":-122.46180725097656},\"position\":{\"lat\":47.47646337671566,\"lon\":-122.46183919204685},\"vehicleId\":\"1_3735\"}","timestamp":"2016-07-15T00:05:10.119Z"}
{"level":"data","message":"{\"time\":1468541110004,\"routeId\":\"1_100017\",\"activeTripId\":\"1_31509122\",\"status\":\"default\",\"lastKnownLocation\":null,\"position\":{\"lat\":47.50963512022083,\"lon\":-122.46404872721807},\"vehicleId\":\"\"}","timestamp":"2016-07-15T00:05:10.124Z"}
{"level":"data","message":"{\"time\":1468541110010,\"routeId\":\"1_100017\",\"activeTripId\":\"1_30899750\",\"status\":\"SCHEDULED\",\"lastKnownLocation\":{\"lat\":47.6146125793457,\"lon\":-122.34262084960938},\"position\":{\"lat\":47.61173049054384,\"lon\":-122.34174908735524},\"vehicleId\":\"1_2461\"}","timestamp":"2016-07-15T00:05:10.128Z"}
{"level":"data","message":"{\"time\":1468541110018,\"routeId\":\"1_100017\",\"activeTripId\":\"1_31508879\",\"status\":\"SCHEDULED\",\"lastKnownLocation\":{\"lat\":47.46397399902344,\"lon\":-122.4603271484375},\"position\":{\"lat\":47.46428948406258,\"lon\":-122.46031795182994},\"vehicleId\":\"1_3731\"}","timestamp":"2016-07-15T00:05:10.131Z"}
{"level":"data","message":"{\"time\":1468541109997,\"routeId\":\"1_100017\",\"activeTripId\":\"1_31508901\",\"status\":\"SCHEDULED\",\"lastKnownLocation\":{\"lat\":47.568397521972656,\"lon\":-122.37326049804688},\"position\":{\"lat\":47.56839455616302,\"lon\":-122.37326577556907},\"vehicleId\":\"1_3758\"}","timestamp":"2016-07-15T00:05:10.151Z"}
{"level":"data","message":"{\"time\":1468541109995,\"routeId\":\"1_100017\",\"activeTripId\":\"1_31508917\",\"status\":\"SCHEDULED\",\"lastKnownLocation\":{\"lat\":47.541412353515625,\"lon\":-122.39004516601562},\"position\":{\"lat\":47.54158398517846,\"lon\":-122.39004341935046},\"vehicleId\":\"1_7172\"}","timestamp":"2016-07-15T00:05:10.162Z"}
{"level":"data","message":"{\"time\":1468541109999,\"routeId\":\"1_100016\",\"activeTripId\":\"1_31509131\",\"status\":\"SCHEDULED\",\"lastKnownLocation\":{\"lat\":47.575286865234375,\"lon\":-122.3342056274414},\"position\":{\"lat\":47.57478494891615,\"lon\":-122.334198},\"vehicleId\":\"1_3752\"}","timestamp":"2016-07-15T00:05:10.191Z"}
{"level":"data","message":"{\"time\":1468541110953,\"routeId\":\"1_100016\",\"activeTripId\":\"1_31508879\",\"status\":\"SCHEDULED\",\"lastKnownLocation\":{\"lat\":47.46397399902344,\"lon\":-122.4603271484375},\"position\":{\"lat\":47.46428948406258,\"lon\":-122.46031795182994},\"vehicleId\":\"1_3731\"}","timestamp":"2016-07-15T00:05:11.050Z"}
{"level":"data","message":"{\"time\":1468541110971,\"routeId\":\"1_100017\",\"activeTripId\":\"1_30899750\",\"status\":\"SCHEDULED\",\"lastKnownLocation\":{\"lat\":47.6146125793457,\"lon\":-122.34262084960938},\"position\":{\"lat\":47.61173049054384,\"lon\":-122.34174908735524},\"vehicleId\":\"1_2461\"}","timestamp":"2016-07-15T00:05:11.073Z"}
{"level":"data","message":"{\"time\":1468541110977,\"routeId\":\"1_100017\",\"activeTripId\":\"1_31508862\",\"status\":\"SCHEDULED\",\"lastKnownLocation\":{\"lat\":47.476444244384766,\"lon\":-122.46180725097656},\"position\":{\"lat\":47.47646337671566,\"lon\":-122.46183919204685},\"vehicleId\":\"1_3735\"}","timestamp":"2016-07-15T00:05:11.077Z"}
{"level":"data","message":"{\"time\":1468541110982,\"routeId\":\"1_100017\",\"activeTripId\":\"1_31508879\",\"status\":\"SCHEDULED\",\"lastKnownLocation\":{\"lat\":47.46397399902344,\"lon\":-122.4603271484375},\"position\":{\"lat\":47.46428948406258,\"lon\":-122.46031795182994},\"vehicleId\":\"1_3731\"}","timestamp":"2016-07-15T00:05:11.098Z"}
{"level":"data","message":"{\"time\":1468541110984,\"routeId\":\"1_100017\",\"activeTripId\":\"1_31508917\",\"status\":\"SCHEDULED\",\"lastKnownLocation\":{\"lat\":47.541412353515625,\"lon\":-122.39004516601562},\"position\":{\"lat\":47.54158398517846,\"lon\":-122.39004341935046},\"vehicleId\":\"1_7172\"}","timestamp":"2016-07-15T00:05:11.111Z"}
{"level":"data","message":"{\"time\":1468541110967,\"routeId\":\"1_100016\",\"activeTripId\":\"1_31509131\",\"status\":\"SCHEDULED\",\"lastKnownLocation\":{\"lat\":47.575286865234375,\"lon\":-122.3342056274414},\"position\":{\"lat\":47.57478494891615,\"lon\":-122.334198},\"vehicleId\":\"1_3752\"}","timestamp":"2016-07-15T00:05:11.129Z"}
{"level":"data","message":"{\"time\":1468541110975,\"routeId\":\"1_100017\",\"activeTripId\":\"1_31508901\",\"status\":\"SCHEDULED\",\"lastKnownLocation\":{\"lat\":47.568397521972656,\"lon\":-122.37326049804688},\"position\":{\"lat\":47.56839455616302,\"lon\":-122.37326577556907},\"vehicleId\":\"1_3758\"}","timestamp":"2016-07-15T00:05:11.147Z"}
{"level":"data","message":"{\"time\":1468541111115,\"routeId\":\"1_100017\",\"activeTripId\":\"1_31509122\",\"status\":\"default\",\"lastKnownLocation\":null,\"position\":{\"lat\":47.50950021029944,\"lon\":-122.4640953587761},\"vehicleId\":\"\"}","timestamp":"2016-07-15T00:05:11.194Z"}
{"level":"data","message":"{\"time\":1468541111974,\"routeId\":\"1_100016\",\"activeTripId\":\"1_31508879\",\"status\":\"SCHEDULED\",\"lastKnownLocation\":{\"lat\":47.46397399902344,\"lon\":-122.4603271484375},\"position\":{\"lat\":47.46428948406258,\"lon\":-122.46031795182994},\"vehicleId\":\"1_3731\"}","timestamp":"2016-07-15T00:05:12.000Z"}
{"level":"data","message":"{\"time\":1468541112013,\"routeId\":\"1_100017\",\"activeTripId\":\"1_31508879\",\"status\":\"SCHEDULED\",\"lastKnownLocation\":{\"lat\":47.46397399902344,\"lon\":-122.4603271484375},\"position\":{\"lat\":47.46428948406258,\"lon\":-122.46031795182994},\"vehicleId\":\"1_3731\"}","timestamp":"2016-07-15T00:05:12.050Z"}
{"level":"data","message":"{\"time\":1468541111975,\"routeId\":\"1_100016\",\"activeTripId\":\"1_31509131\",\"status\":\"SCHEDULED\",\"lastKnownLocation\":{\"lat\":47.575286865234375,\"lon\":-122.3342056274414},\"position\":{\"lat\":47.57478494891615,\"lon\":-122.334198},\"vehicleId\":\"1_3752\"}","timestamp":"2016-07-15T00:05:12.089Z"}
{"level":"data","message":"{\"time\":1468541111986,\"routeId\":\"1_100016\",\"activeTripId\":\"1_31509122\",\"status\":\"default\",\"lastKnownLocation\":null,\"position\":{\"lat\":47.50950021029944,\"lon\":-122.4640953587761},\"vehicleId\":\"\"}","timestamp":"2016-07-15T00:05:12.094Z"}
{"level":"data","message":"{\"time\":1468541112010,\"routeId\":\"1_100017\",\"activeTripId\":\"1_31508862\",\"status\":\"SCHEDULED\",\"lastKnownLocation\":{\"lat\":47.476444244384766,\"lon\":-122.46180725097656},\"position\":{\"lat\":47.47646337671566,\"lon\":-122.46183919204685},\"vehicleId\":\"1_3735\"}","timestamp":"2016-07-15T00:05:12.099Z"}
{"level":"data","message":"{\"time\":1468541112019,\"routeId\":\"1_100017\",\"activeTripId\":\"1_30899750\",\"status\":\"SCHEDULED\",\"lastKnownLocation\":{\"lat\":47.6146125793457,\"lon\":-122.34262084960938},\"position\":{\"lat\":47.61173049054384,\"lon\":-122.34174908735524},\"vehicleId\":\"1_2461\"}","timestamp":"2016-07-15T00:05:12.101Z"}
{"level":"data","message":"{\"time\":1468541110956,\"routeId\":\"1_100016\",\"activeTripId\":\"1_31509122\",\"status\":\"default\",\"lastKnownLocation\":null,\"position\":{\"lat\":47.509567665260136,\"lon\":-122.46407204299709},\"vehicleId\":\"\"}","timestamp":"2016-07-15T00:05:12.104Z"}
{"level":"data","message":"{\"time\":1468541112031,\"routeId\":\"1_100017\",\"activeTripId\":\"1_31509122\",\"status\":\"default\",\"lastKnownLocation\":null,\"position\":{\"lat\":47.50943275533875,\"lon\":-122.46411867455514},\"vehicleId\":\"\"}","timestamp":"2016-07-15T00:05:12.122Z"}
{"level":"data","message":"{\"time\":1468541112022,\"routeId\":\"1_100017\",\"activeTripId\":\"1_31508917\",\"status\":\"SCHEDULED\",\"lastKnownLocation\":{\"lat\":47.541412353515625,\"lon\":-122.39004516601562},\"position\":{\"lat\":47.54158398517846,\"lon\":-122.39004341935046},\"vehicleId\":\"1_7172\"}","timestamp":"2016-07-15T00:05:12.160Z"}
{"level":"data","message":"{\"time\":1468541112980,\"routeId\":\"1_100017\",\"activeTripId\":\"1_31509122\",\"status\":\"default\",\"lastKnownLocation\":null,\"position\":{\"lat\":47.50943275533875,\"lon\":-122.46411867455514},\"vehicleId\":\"\"}","timestamp":"2016-07-15T00:05:13.009Z"}
{"level":"data","message":"{\"time\":1468541112993,\"routeId\":\"1_100017\",\"activeTripId\":\"1_31508917\",\"status\":\"SCHEDULED\",\"lastKnownLocation\":{\"lat\":47.541412353515625,\"lon\":-122.39004516601562},\"position\":{\"lat\":47.54158398517846,\"lon\":-122.39004341935046},\"vehicleId\":\"1_7172\"}","timestamp":"2016-07-15T00:05:13.101Z"}
{"level":"data","message":"{\"time\":1468541112997,\"routeId\":\"1_100017\",\"activeTripId\":\"1_31508901\",\"status\":\"SCHEDULED\",\"lastKnownLocation\":{\"lat\":47.568397521972656,\"lon\":-122.37326049804688},\"position\":{\"lat\":47.56839455616302,\"lon\":-122.37326577556907},\"vehicleId\":\"1_3758\"}","timestamp":"2016-07-15T00:05:13.117Z"}
{"level":"data","message":"{\"time\":1468541113005,\"routeId\":\"1_100017\",\"activeTripId\":\"1_31508879\",\"status\":\"SCHEDULED\",\"lastKnownLocation\":{\"lat\":47.46397399902344,\"lon\":-122.4603271484375},\"position\":{\"lat\":47.46428948406258,\"lon\":-122.46031795182994},\"vehicleId\":\"1_3731\"}","timestamp":"2016-07-15T00:05:13.120Z"}
{"level":"data","message":"{\"time\":1468541113017,\"routeId\":\"1_100016\",\"activeTripId\":\"1_31508879\",\"status\":\"SCHEDULED\",\"lastKnownLocation\":{\"lat\":47.46397399902344,\"lon\":-122.4603271484375},\"position\":{\"lat\":47.46428948406258,\"lon\":-122.46031795182994},\"vehicleId\":\"1_3731\"}","timestamp":"2016-07-15T00:05:13.186Z"}
{"level":"data","message":"{\"time\":1468541113024,\"routeId\":\"1_100016\",\"activeTripId\":\"1_31509131\",\"status\":\"SCHEDULED\",\"lastKnownLocation\":{\"lat\":47.575286865234375,\"lon\":-122.3342056274414},\"position\":{\"lat\":47.57478494891615,\"lon\":-122.334198},\"vehicleId\":\"1_3752\"}","timestamp":"2016-07-15T00:05:13.239Z"}
{"level":"data","message":"{\"time\":1468541113973,\"routeId\":\"1_100016\",\"activeTripId\":\"1_31509122\",\"status\":\"default\",\"lastKnownLocation\":null,\"position\":{\"lat\":47.50936530037806,\"lon\":-122.46414199033416},\"vehicleId\":\"\"}","timestamp":"2016-07-15T00:05:14.008Z"}
{"level":"data","message":"{\"time\":1468541114000,\"routeId\":\"1_100017\",\"activeTripId\":\"1_31509122\",\"status\":\"default\",\"lastKnownLocation\":null,\"position\":{\"lat\":47.50936530037806,\"lon\":-122.46414199033416},\"vehicleId\":\"\"}","timestamp":"2016-07-15T00:05:14.046Z"}
{"level":"data","message":"{\"time\":1468541113978,\"routeId\":\"1_100016\",\"activeTripId\":\"1_31509131\",\"status\":\"SCHEDULED\",\"lastKnownLocation\":{\"lat\":47.575286865234375,\"lon\":-122.3342056274414},\"position\":{\"lat\":47.57478494891615,\"lon\":-122.334198},\"vehicleId\":\"1_3752\"}","timestamp":"2016-07-15T00:05:14.097Z"}
{"level":"data","message":"{\"time\":1468541114013,\"routeId\":\"1_100017\",\"activeTripId\":\"1_31508862\",\"status\":\"SCHEDULED\",\"lastKnownLocation\":{\"lat\":47.476444244384766,\"lon\":-122.46180725097656},\"position\":{\"lat\":47.47646337671566,\"lon\":-122.46183919204685},\"vehicleId\":\"1_3735\"}","timestamp":"2016-07-15T00:05:14.113Z"}
{"level":"data","message":"{\"time\":1468541114007,\"routeId\":\"1_100017\",\"activeTripId\":\"1_31508917\",\"status\":\"SCHEDULED\",\"lastKnownLocation\":{\"lat\":47.541412353515625,\"lon\":-122.39004516601562},\"position\":{\"lat\":47.54158398517846,\"lon\":-122.39004341935046},\"vehicleId\":\"1_7172\"}","timestamp":"2016-07-15T00:05:14.156Z"}
{"level":"data","message":"{\"time\":1468541113018,\"routeId\":\"1_100016\",\"activeTripId\":\"1_31509122\",\"status\":\"default\",\"lastKnownLocation\":null,\"position\":{\"lat\":47.50936530037806,\"lon\":-122.46414199033416},\"vehicleId\":\"\"}","timestamp":"2016-07-15T00:05:14.219Z"}
{"level":"data","message":"{\"time\":1468541113010,\"routeId\":\"1_100017\",\"activeTripId\":\"1_30899750\",\"status\":\"SCHEDULED\",\"lastKnownLocation\":{\"lat\":47.6146125793457,\"lon\":-122.34262084960938},\"position\":{\"lat\":47.61173049054384,\"lon\":-122.34174908735524},\"vehicleId\":\"1_2461\"}","timestamp":"2016-07-15T00:05:14.310Z"}
{"level":"data","message":"{\"time\":1468541113010,\"routeId\":\"1_100017\",\"activeTripId\":\"1_31508862\",\"status\":\"SCHEDULED\",\"lastKnownLocation\":{\"lat\":47.476444244384766,\"lon\":-122.46180725097656},\"position\":{\"lat\":47.47646337671566,\"lon\":-122.46183919204685},\"vehicleId\":\"1_3735\"}","timestamp":"2016-07-15T00:05:14.416Z"}
{"level":"data","message":"{\"time\":1468541115017,\"routeId\":\"1_100016\",\"activeTripId\":\"1_31509122\",\"status\":\"default\",\"lastKnownLocation\":null,\"position\":{\"lat\":47.509230390456665,\"lon\":-122.4641886218922},\"vehicleId\":\"\"}","timestamp":"2016-07-15T00:05:15.044Z"}
{"level":"data","message":"{\"time\":1468541115043,\"routeId\":\"1_100017\",\"activeTripId\":\"1_31508862\",\"status\":\"SCHEDULED\",\"lastKnownLocation\":{\"lat\":47.476444244384766,\"lon\":-122.46180725097656},\"position\":{\"lat\":47.47646337671566,\"lon\":-122.46183919204685},\"vehicleId\":\"1_3735\"}","timestamp":"2016-07-15T00:05:15.094Z"}
{"level":"data","message":"{\"time\":1468541115005,\"routeId\":\"1_100016\",\"activeTripId\":\"1_31508879\",\"status\":\"SCHEDULED\",\"lastKnownLocation\":{\"lat\":47.48356246948242,\"lon\":-122.46693420410156},\"position\":{\"lat\":47.483635379681935,\"lon\":-122.46696676588965},\"vehicleId\":\"1_3731\"}","timestamp":"2016-07-15T00:05:15.112Z"}
{"level":"data","message":"{\"time\":1468541115045,\"routeId\":\"1_100017\",\"activeTripId\":\"1_31508879\",\"status\":\"SCHEDULED\",\"lastKnownLocation\":{\"lat\":47.48356246948242,\"lon\":-122.46693420410156},\"position\":{\"lat\":47.483635379681935,\"lon\":-122.46696676588965},\"vehicleId\":\"1_3731\"}","timestamp":"2016-07-15T00:05:15.176Z"}
{"level":"data","message":"{\"time\":1468541115032,\"routeId\":\"1_100016\",\"activeTripId\":\"1_31509131\",\"status\":\"SCHEDULED\",\"lastKnownLocation\":{\"lat\":47.57353973388672,\"lon\":-122.3342056274414},\"position\":{\"lat\":47.57315826887329,\"lon\":-122.334198},\"vehicleId\":\"1_3752\"}","timestamp":"2016-07-15T00:05:15.189Z"}
{"level":"data","message":"{\"time\":1468541115035,\"routeId\":\"1_100017\",\"activeTripId\":\"1_31508917\",\"status\":\"SCHEDULED\",\"lastKnownLocation\":{\"lat\":47.541412353515625,\"lon\":-122.39004516601562},\"position\":{\"lat\":47.54158398517846,\"lon\":-122.39004341935046},\"vehicleId\":\"1_7172\"}","timestamp":"2016-07-15T00:05:15.200Z"}
{"level":"data","message":"{\"time\":1468541115045,\"routeId\":\"1_100017\",\"activeTripId\":\"1_31508901\",\"status\":\"SCHEDULED\",\"lastKnownLocation\":{\"lat\":47.568397521972656,\"lon\":-122.37326049804688},\"position\":{\"lat\":47.56839455616302,\"lon\":-122.37326577556907},\"vehicleId\":\"1_3758\"}","timestamp":"2016-07-15T00:05:15.212Z"}
{"level":"data","message":"{\"time\":1468541113972,\"routeId\":\"1_100016\",\"activeTripId\":\"1_31508879\",\"status\":\"SCHEDULED\",\"lastKnownLocation\":{\"lat\":47.48356246948242,\"lon\":-122.46693420410156},\"position\":{\"lat\":47.483635379681935,\"lon\":-122.46696676588965},\"vehicleId\":\"1_3731\"}","timestamp":"2016-07-15T00:05:15.288Z"}
{"level":"data","message":"{\"time\":1468541114010,\"routeId\":\"1_100017\",\"activeTripId\":\"1_31508901\",\"status\":\"SCHEDULED\",\"lastKnownLocation\":{\"lat\":47.568397521972656,\"lon\":-122.37326049804688},\"position\":{\"lat\":47.56839455616302,\"lon\":-122.37326577556907},\"vehicleId\":\"1_3758\"}","timestamp":"2016-07-15T00:05:15.333Z"}
{"level":"data","message":"{\"time\":1468541114015,\"routeId\":\"1_100017\",\"activeTripId\":\"1_31508879\",\"status\":\"SCHEDULED\",\"lastKnownLocation\":{\"lat\":47.48356246948242,\"lon\":-122.46693420410156},\"position\":{\"lat\":47.483635379681935,\"lon\":-122.46696676588965},\"vehicleId\":\"1_3731\"}","timestamp":"2016-07-15T00:05:15.353Z"}
{"level":"data","message":"{\"time\":1468541114021,\"routeId\":\"1_100017\",\"activeTripId\":\"1_30899750\",\"status\":\"SCHEDULED\",\"lastKnownLocation\":{\"lat\":47.61625671386719,\"lon\":-122.34049224853516},\"position\":{\"lat\":47.612405034465304,\"lon\":-122.34089036229723},\"vehicleId\":\"1_2461\"}","timestamp":"2016-07-15T00:05:15.461Z"}
